This is pdfTeX, Version 3.14159265-2.6-1.40.15 (TeX Live 2014) (preloaded format=pdftex 2014.11.16)  1 SEP 2015 18:18
entering extended mode
 restricted \write18 enabled.
 file:line:error style messages enabled.
 %&-line parsing enabled.
**/Users/olivier/Documents/Enseignement/Maths_scales/Exercices/ode/ode_5.tex
(/Users/olivier/Documents/Enseignement/Maths_scales/Exercices/ode/ode_5.tex
/Users/olivier/Documents/Enseignement/Maths_scales/Exercices/ode/ode_5.tex:1: Undefined control sequence.
l.1 \bexo
         
The control sequence at the end of the top line
of your error message was never \def'ed. If you have
misspelled it (e.g., `\hobx'), type `I' and the correct
spelling (e.g., `I\hbox'). Otherwise just continue,
and I'll forget about whatever was undefined.

/Users/olivier/Documents/Enseignement/Maths_scales/Exercices/ode/ode_5.tex:3: Undefined control sequence.
l.3 \begin
          {equation}
The control sequence at the end of the top line
of your error message was never \def'ed. If you have
misspelled it (e.g., `\hobx'), type `I' and the correct
spelling (e.g., `I\hbox'). Otherwise just continue,
and I'll forget about whatever was undefined.

[1{/usr/local/texlive/2014/texmf-var/fonts/map/pdftex/updmap/pdftex.map}] )</usr/local/texlive/2014/texmf-dist/fonts/type1/public/amsfonts/cm/cmr10.pfb>
Output written on /Users/olivier/Documents/Enseignement/Maths_scales/Exercices/ode/.texpadtmp/ode_5.pdf (1 page, 13702 bytes).
PDF statistics:
 12 PDF objects out of 1000 (max. 8388607)
 7 compressed objects within 1 object stream
 0 named destinations out of 1000 (max. 500000)
 1 words of extra memory for PDF output out of 10000 (max. 10000000)

